Logfile initialized
[INFO] logfile = /Users/tguntharp/Desktop/Legendary/build.log
[DEBUG] /Users/tguntharp/Library/Application Support/Titanium/mobilesdk/osx/3.0.0.GA/android/builder.py simulator Legendary /Developer/Android/android-sdk-macosx /Users/tguntharp/Desktop/Legendary org.fusion94.Legendary 4 WVGA854 
[INFO] Building Legendary for Android ... one moment
[INFO] Titanium SDK version: 3.0.0 (12/12/12 18:49 a5894b3)
[DEBUG] Waiting for device to be ready ...
[TRACE] adb devices returned 1 devices/emulators
[TRACE] adb devices returned 1 devices/emulators
[TRACE] adb devices returned 1 devices/emulators
[TRACE] adb devices returned 1 devices/emulators
[TRACE] adb devices returned 1 devices/emulators
[TRACE] adb devices returned 1 devices/emulators
[DEBUG] Device connected... (waited 25 seconds)
[DEBUG] waited 25.108784 seconds on emulator to get ready
[INFO] Waiting for the Android Emulator to become available
[DEBUG] org.fusion94.Legendary installed? False
[INFO] Fastdev server running, deploying in Fastdev mode
[INFO] Copying CommonJS modules...
[INFO] Copying project resources..
[INFO] Detected change in tiapp.xml, or assets deleted. Forcing full re-build...
[TRACE] COPYING CREATED FILE: /Users/tguntharp/Desktop/Legendary/Resources/android/appicon.png => /Users/tguntharp/Desktop/Legendary/build/android/bin/assets/Resources/appicon.png
[TRACE] COPYING CREATED FILE: /Users/tguntharp/Desktop/Legendary/Resources/android/appicon@2x.png => /Users/tguntharp/Desktop/Legendary/build/android/bin/assets/Resources/appicon@2x.png
[TRACE] COPYING CREATED FILE: /Users/tguntharp/Desktop/Legendary/Resources/android/default.png => /Users/tguntharp/Desktop/Legendary/build/android/bin/assets/Resources/default.png
[TRACE] COPYING CREATED FILE: /Users/tguntharp/Desktop/Legendary/Resources/app.js => /Users/tguntharp/Desktop/Legendary/build/android/bin/assets/Resources/app.js
[TRACE] COPYING CREATED FILE: /Users/tguntharp/Desktop/Legendary/Resources/images/damageweblogo.png => /Users/tguntharp/Desktop/Legendary/build/android/bin/assets/Resources/images/damageweblogo.png
[TRACE] COPYING CREATED FILE: /Users/tguntharp/Desktop/Legendary/Resources/images/damageweblogov.2.png => /Users/tguntharp/Desktop/Legendary/build/android/bin/assets/Resources/images/damageweblogov.2.png
[TRACE] COPYING CREATED FILE: /Users/tguntharp/Desktop/Legendary/Resources/images/LegendaryIcon.png => /Users/tguntharp/Desktop/Legendary/build/android/bin/assets/Resources/images/LegendaryIcon.png
[TRACE] COPYING CREATED FILE: /Users/tguntharp/Desktop/Legendary/Resources/images/plaid.png => /Users/tguntharp/Desktop/Legendary/build/android/bin/assets/Resources/images/plaid.png
[TRACE] COPYING CREATED FILE: /Users/tguntharp/Desktop/Legendary/Resources/KS_nav_ui.png => /Users/tguntharp/Desktop/Legendary/build/android/bin/assets/Resources/KS_nav_ui.png
[TRACE] COPYING CREATED FILE: /Users/tguntharp/Desktop/Legendary/Resources/KS_nav_views.png => /Users/tguntharp/Desktop/Legendary/build/android/bin/assets/Resources/KS_nav_views.png
[TRACE] COPYING CREATED FILE: /Users/tguntharp/Desktop/Legendary/Resources/light_comment.png => /Users/tguntharp/Desktop/Legendary/build/android/bin/assets/Resources/light_comment.png
[TRACE] COPYING CREATED FILE: /Users/tguntharp/Desktop/Legendary/Resources/light_comment@2x.png => /Users/tguntharp/Desktop/Legendary/build/android/bin/assets/Resources/light_comment@2x.png
[TRACE] COPYING CREATED FILE: /Users/tguntharp/Desktop/Legendary/Resources/light_info.png => /Users/tguntharp/Desktop/Legendary/build/android/bin/assets/Resources/light_info.png
[TRACE] COPYING CREATED FILE: /Users/tguntharp/Desktop/Legendary/Resources/light_info@2x.png => /Users/tguntharp/Desktop/Legendary/build/android/bin/assets/Resources/light_info@2x.png
[TRACE] COPYING CREATED FILE: /Users/tguntharp/Desktop/Legendary/Resources/light_pages.png => /Users/tguntharp/Desktop/Legendary/build/android/bin/assets/Resources/light_pages.png
[TRACE] COPYING CREATED FILE: /Users/tguntharp/Desktop/Legendary/Resources/light_search.png => /Users/tguntharp/Desktop/Legendary/build/android/bin/assets/Resources/light_search.png
[TRACE] COPYING CREATED FILE: /Users/tguntharp/Desktop/Legendary/Resources/light_search@2x.png => /Users/tguntharp/Desktop/Legendary/build/android/bin/assets/Resources/light_search@2x.png
[TRACE] COPYING CREATED FILE: /Users/tguntharp/Desktop/Legendary/Resources/light_star.png => /Users/tguntharp/Desktop/Legendary/build/android/bin/assets/Resources/light_star.png
[TRACE] COPYING CREATED FILE: /Users/tguntharp/Desktop/Legendary/Resources/light_star@2x.png => /Users/tguntharp/Desktop/Legendary/build/android/bin/assets/Resources/light_star@2x.png
[TRACE] COPYING CREATED FILE: /Users/tguntharp/Desktop/Legendary/Resources/light_TV.png => /Users/tguntharp/Desktop/Legendary/build/android/bin/assets/Resources/light_TV.png
[TRACE] COPYING CREATED FILE: /Users/tguntharp/Desktop/Legendary/Resources/light_TV@2x.png => /Users/tguntharp/Desktop/Legendary/build/android/bin/assets/Resources/light_TV@2x.png
[TRACE] COPYING CREATED FILE: /Users/tguntharp/Desktop/Legendary/Resources/PT_Sans-Web-Bold.ttf => /Users/tguntharp/Desktop/Legendary/build/android/bin/assets/Resources/PT_Sans-Web-Bold.ttf
[TRACE] COPYING CREATED FILE: /Users/tguntharp/Desktop/Legendary/Resources/PT_Sans-Web-BoldItalic.ttf => /Users/tguntharp/Desktop/Legendary/build/android/bin/assets/Resources/PT_Sans-Web-BoldItalic.ttf
[TRACE] COPYING CREATED FILE: /Users/tguntharp/Desktop/Legendary/Resources/PT_Sans-Web-Italic.ttf => /Users/tguntharp/Desktop/Legendary/build/android/bin/assets/Resources/PT_Sans-Web-Italic.ttf
[TRACE] COPYING CREATED FILE: /Users/tguntharp/Desktop/Legendary/Resources/PT_Sans-Web-Regular.ttf => /Users/tguntharp/Desktop/Legendary/build/android/bin/assets/Resources/PT_Sans-Web-Regular.ttf
[TRACE] COPYING CREATED FILE: /Users/tguntharp/Desktop/Legendary/Resources/windows/about.js => /Users/tguntharp/Desktop/Legendary/build/android/bin/assets/Resources/windows/about.js
[TRACE] COPYING CREATED FILE: /Users/tguntharp/Desktop/Legendary/Resources/windows/popular.js => /Users/tguntharp/Desktop/Legendary/build/android/bin/assets/Resources/windows/popular.js
[TRACE] COPYING CREATED FILE: /Users/tguntharp/Desktop/Legendary/Resources/windows/quotes.js => /Users/tguntharp/Desktop/Legendary/build/android/bin/assets/Resources/windows/quotes.js
[TRACE] COPYING CREATED FILE: /Users/tguntharp/Desktop/Legendary/Resources/windows/quotes2.js => /Users/tguntharp/Desktop/Legendary/build/android/bin/assets/Resources/windows/quotes2.js
[TRACE] COPYING CREATED FILE: /Users/tguntharp/Desktop/Legendary/Resources/windows/search.js => /Users/tguntharp/Desktop/Legendary/build/android/bin/assets/Resources/windows/search.js
[TRACE] COPYING CREATED FILE: /Users/tguntharp/Desktop/Legendary/Resources/windows/seasons/season1.js => /Users/tguntharp/Desktop/Legendary/build/android/bin/assets/Resources/windows/seasons/season1.js
[TRACE] COPYING CREATED FILE: /Users/tguntharp/Desktop/Legendary/Resources/windows/seasons/season2.js => /Users/tguntharp/Desktop/Legendary/build/android/bin/assets/Resources/windows/seasons/season2.js
[TRACE] COPYING CREATED FILE: /Users/tguntharp/Desktop/Legendary/Resources/windows/seasons/season3.js => /Users/tguntharp/Desktop/Legendary/build/android/bin/assets/Resources/windows/seasons/season3.js
[TRACE] COPYING CREATED FILE: /Users/tguntharp/Desktop/Legendary/Resources/windows/seasons/season4.js => /Users/tguntharp/Desktop/Legendary/build/android/bin/assets/Resources/windows/seasons/season4.js
[TRACE] COPYING CREATED FILE: /Users/tguntharp/Desktop/Legendary/Resources/windows/seasons/season5.js => /Users/tguntharp/Desktop/Legendary/build/android/bin/assets/Resources/windows/seasons/season5.js
[TRACE] COPYING CREATED FILE: /Users/tguntharp/Desktop/Legendary/Resources/windows/seasons/season6.js => /Users/tguntharp/Desktop/Legendary/build/android/bin/assets/Resources/windows/seasons/season6.js
[TRACE] COPYING CREATED FILE: /Users/tguntharp/Desktop/Legendary/Resources/windows/seasons/season7.js => /Users/tguntharp/Desktop/Legendary/build/android/bin/assets/Resources/windows/seasons/season7.js
[TRACE] COPYING CREATED FILE: /Users/tguntharp/Desktop/Legendary/Resources/windows/seasons.js => /Users/tguntharp/Desktop/Legendary/build/android/bin/assets/Resources/windows/seasons.js
[TRACE] COPYING CREATED FILE: /Users/tguntharp/Desktop/Legendary/Resources/windows/share.js => /Users/tguntharp/Desktop/Legendary/build/android/bin/assets/Resources/windows/share.js
[TRACE] Generating Java Classes
[DEBUG] Processing Android resource drawables
[TRACE] COPYING FILE: /Users/tguntharp/Desktop/Legendary/Resources/android/images/res-long-land-hdpi/default.png => /Users/tguntharp/Desktop/Legendary/build/android/res/drawable-long-land-hdpi/default_d44e27d97b.png
[TRACE] COPYING FILE: /Users/tguntharp/Desktop/Legendary/Resources/android/images/res-long-land-ldpi/default.png => /Users/tguntharp/Desktop/Legendary/build/android/res/drawable-long-land-ldpi/default_d44e27d97b.png
[TRACE] COPYING FILE: /Users/tguntharp/Desktop/Legendary/Resources/android/images/res-long-port-hdpi/default.png => /Users/tguntharp/Desktop/Legendary/build/android/res/drawable-long-port-hdpi/default_d44e27d97b.png
[TRACE] COPYING FILE: /Users/tguntharp/Desktop/Legendary/Resources/android/images/res-long-port-ldpi/default.png => /Users/tguntharp/Desktop/Legendary/build/android/res/drawable-long-port-ldpi/default_d44e27d97b.png
[TRACE] COPYING FILE: /Users/tguntharp/Desktop/Legendary/Resources/android/images/res-notlong-land-hdpi/default.png => /Users/tguntharp/Desktop/Legendary/build/android/res/drawable-notlong-land-hdpi/default_d44e27d97b.png
[TRACE] COPYING FILE: /Users/tguntharp/Desktop/Legendary/Resources/android/images/res-notlong-land-ldpi/default.png => /Users/tguntharp/Desktop/Legendary/build/android/res/drawable-notlong-land-ldpi/default_d44e27d97b.png
[TRACE] COPYING FILE: /Users/tguntharp/Desktop/Legendary/Resources/android/images/res-notlong-land-mdpi/default.png => /Users/tguntharp/Desktop/Legendary/build/android/res/drawable-notlong-land-mdpi/default_d44e27d97b.png
[TRACE] COPYING FILE: /Users/tguntharp/Desktop/Legendary/Resources/android/images/res-notlong-port-hdpi/default.png => /Users/tguntharp/Desktop/Legendary/build/android/res/drawable-notlong-port-hdpi/default_d44e27d97b.png
[TRACE] COPYING FILE: /Users/tguntharp/Desktop/Legendary/Resources/android/images/res-notlong-port-ldpi/default.png => /Users/tguntharp/Desktop/Legendary/build/android/res/drawable-notlong-port-ldpi/default_d44e27d97b.png
[TRACE] COPYING FILE: /Users/tguntharp/Desktop/Legendary/Resources/android/images/res-notlong-port-mdpi/default.png => /Users/tguntharp/Desktop/Legendary/build/android/res/drawable-notlong-port-mdpi/default_d44e27d97b.png
[DEBUG] app stylesheet => /Users/tguntharp/Desktop/Legendary/build/android/gen/org/fusion94/Legendary/ApplicationStylesheet.java
[DEBUG] copying app icon: /Users/tguntharp/Desktop/Legendary/build/android/bin/assets/Resources/appicon.png
[DEBUG] generating theme.xml
[DEBUG] found drawable-long-land-hdpi splash screen at /Users/tguntharp/Desktop/Legendary/Resources/android/images/res-long-land-hdpi/default.png
[DEBUG] copying /Users/tguntharp/Desktop/Legendary/Resources/android/images/res-long-land-hdpi/default.png splash screen to /Users/tguntharp/Desktop/Legendary/build/android/res/drawable-long-land-hdpi/background.png
[DEBUG] found drawable-long-land-ldpi splash screen at /Users/tguntharp/Desktop/Legendary/Resources/android/images/res-long-land-ldpi/default.png
[DEBUG] copying /Users/tguntharp/Desktop/Legendary/Resources/android/images/res-long-land-ldpi/default.png splash screen to /Users/tguntharp/Desktop/Legendary/build/android/res/drawable-long-land-ldpi/background.png
[DEBUG] found drawable-long-port-hdpi splash screen at /Users/tguntharp/Desktop/Legendary/Resources/android/images/res-long-port-hdpi/default.png
[DEBUG] copying /Users/tguntharp/Desktop/Legendary/Resources/android/images/res-long-port-hdpi/default.png splash screen to /Users/tguntharp/Desktop/Legendary/build/android/res/drawable-long-port-hdpi/background.png
[DEBUG] found drawable-long-port-ldpi splash screen at /Users/tguntharp/Desktop/Legendary/Resources/android/images/res-long-port-ldpi/default.png
[DEBUG] copying /Users/tguntharp/Desktop/Legendary/Resources/android/images/res-long-port-ldpi/default.png splash screen to /Users/tguntharp/Desktop/Legendary/build/android/res/drawable-long-port-ldpi/background.png
[DEBUG] found drawable-notlong-land-hdpi splash screen at /Users/tguntharp/Desktop/Legendary/Resources/android/images/res-notlong-land-hdpi/default.png
[DEBUG] copying /Users/tguntharp/Desktop/Legendary/Resources/android/images/res-notlong-land-hdpi/default.png splash screen to /Users/tguntharp/Desktop/Legendary/build/android/res/drawable-notlong-land-hdpi/background.png
[DEBUG] found drawable-notlong-land-ldpi splash screen at /Users/tguntharp/Desktop/Legendary/Resources/android/images/res-notlong-land-ldpi/default.png
[DEBUG] copying /Users/tguntharp/Desktop/Legendary/Resources/android/images/res-notlong-land-ldpi/default.png splash screen to /Users/tguntharp/Desktop/Legendary/build/android/res/drawable-notlong-land-ldpi/background.png
[DEBUG] found drawable-notlong-land-mdpi splash screen at /Users/tguntharp/Desktop/Legendary/Resources/android/images/res-notlong-land-mdpi/default.png
[DEBUG] copying /Users/tguntharp/Desktop/Legendary/Resources/android/images/res-notlong-land-mdpi/default.png splash screen to /Users/tguntharp/Desktop/Legendary/build/android/res/drawable-notlong-land-mdpi/background.png
[DEBUG] found drawable-notlong-port-hdpi splash screen at /Users/tguntharp/Desktop/Legendary/Resources/android/images/res-notlong-port-hdpi/default.png
[DEBUG] copying /Users/tguntharp/Desktop/Legendary/Resources/android/images/res-notlong-port-hdpi/default.png splash screen to /Users/tguntharp/Desktop/Legendary/build/android/res/drawable-notlong-port-hdpi/background.png
[DEBUG] found drawable-notlong-port-ldpi splash screen at /Users/tguntharp/Desktop/Legendary/Resources/android/images/res-notlong-port-ldpi/default.png
[DEBUG] copying /Users/tguntharp/Desktop/Legendary/Resources/android/images/res-notlong-port-ldpi/default.png splash screen to /Users/tguntharp/Desktop/Legendary/build/android/res/drawable-notlong-port-ldpi/background.png
[DEBUG] found drawable-notlong-port-mdpi splash screen at /Users/tguntharp/Desktop/Legendary/Resources/android/images/res-notlong-port-mdpi/default.png
[DEBUG] copying /Users/tguntharp/Desktop/Legendary/Resources/android/images/res-notlong-port-mdpi/default.png splash screen to /Users/tguntharp/Desktop/Legendary/build/android/res/drawable-notlong-port-mdpi/background.png
[DEBUG] found splash screen at /Users/tguntharp/Desktop/Legendary/build/android/bin/assets/Resources/default.png
[TRACE] Writing out AndroidManifest.xml
[DEBUG] adding /Users/tguntharp/Desktop/Legendary/build/android/gen/org/fusion94/Legendary/ApplicationStylesheet.java to javac build list
[DEBUG] adding /Users/tguntharp/Desktop/Legendary/build/android/gen/org/fusion94/Legendary/LegendaryActivity.java to javac build list
[DEBUG] adding /Users/tguntharp/Desktop/Legendary/build/android/gen/org/fusion94/Legendary/LegendaryAppInfo.java to javac build list
[DEBUG] adding /Users/tguntharp/Desktop/Legendary/build/android/gen/org/fusion94/Legendary/LegendaryApplication.java to javac build list
[DEBUG] adding /Users/tguntharp/Desktop/Legendary/build/android/gen/org/fusion94/Legendary/R.java to javac build list
[DEBUG] Building Java Sources: "/Users/tguntharp/Desktop/Legendary/build/android/gen/org/fusion94/Legendary/ApplicationStylesheet.java" "/Users/tguntharp/Desktop/Legendary/build/android/gen/org/fusion94/Legendary/LegendaryActivity.java" "/Users/tguntharp/Desktop/Legendary/build/android/gen/org/fusion94/Legendary/LegendaryAppInfo.java" "/Users/tguntharp/Desktop/Legendary/build/android/gen/org/fusion94/Legendary/LegendaryApplication.java" "/Users/tguntharp/Desktop/Legendary/build/android/gen/org/fusion94/Legendary/R.java"
[INFO] Waiting for SDCard to become available..
[INFO] Compiling Android Resources... This could take some time
[DEBUG] Android classes.dex built
[DEBUG] creating unsigned apk: /Users/tguntharp/Desktop/Legendary/build/android/bin/app-unsigned.apk
[DEBUG] from resource zip => assets/Resources/images/LegendaryIcon.png
[DEBUG] from resource zip => assets/Resources/images/damageweblogo.png
[DEBUG] from resource zip => assets/Resources/images/damageweblogov.2.png
[DEBUG] from resource zip => assets/Resources/images/plaid.png
[DEBUG] from resource zip => assets/Resources/windows/seasons/season1.js
[DEBUG] from resource zip => assets/Resources/windows/seasons/season2.js
[DEBUG] from resource zip => assets/Resources/windows/seasons/season3.js
[DEBUG] from resource zip => assets/Resources/windows/seasons/season4.js
[DEBUG] from resource zip => assets/Resources/windows/seasons/season5.js
[DEBUG] from resource zip => assets/Resources/windows/seasons/season6.js
[DEBUG] from resource zip => assets/Resources/windows/seasons/season7.js
[DEBUG] from resource zip => assets/Resources/windows/about.js
[DEBUG] from resource zip => assets/Resources/windows/popular.js
[DEBUG] from resource zip => assets/Resources/windows/quotes.js
[DEBUG] from resource zip => assets/Resources/windows/quotes2.js
[DEBUG] from resource zip => assets/Resources/windows/search.js
[DEBUG] from resource zip => assets/Resources/windows/seasons.js
[DEBUG] from resource zip => assets/Resources/windows/share.js
[DEBUG] from resource zip => assets/Resources/KS_nav_ui.png
[DEBUG] from resource zip => assets/Resources/KS_nav_views.png
[DEBUG] from resource zip => assets/Resources/PT_Sans-Web-Bold.ttf
[DEBUG] from resource zip => assets/Resources/PT_Sans-Web-BoldItalic.ttf
[DEBUG] from resource zip => assets/Resources/PT_Sans-Web-Italic.ttf
[DEBUG] from resource zip => assets/Resources/PT_Sans-Web-Regular.ttf
[DEBUG] from resource zip => assets/Resources/app.js
[DEBUG] from resource zip => assets/Resources/appicon.png
[DEBUG] from resource zip => assets/Resources/appicon@2x.png
[DEBUG] from resource zip => assets/Resources/default.png
[DEBUG] from resource zip => assets/Resources/light_TV.png
[DEBUG] from resource zip => assets/Resources/light_TV@2x.png
[DEBUG] from resource zip => assets/Resources/light_comment.png
[DEBUG] from resource zip => assets/Resources/light_comment@2x.png
[DEBUG] from resource zip => assets/Resources/light_info.png
[DEBUG] from resource zip => assets/Resources/light_info@2x.png
[DEBUG] from resource zip => assets/Resources/light_pages.png
[DEBUG] from resource zip => assets/Resources/light_search.png
[DEBUG] from resource zip => assets/Resources/light_search@2x.png
[DEBUG] from resource zip => assets/Resources/light_star.png
[DEBUG] from resource zip => assets/Resources/light_star@2x.png
[DEBUG] from resource zip => assets/app.json
[DEBUG] from resource zip => assets/index.json
[DEBUG] from resource zip => assets/tiapp.xml
[DEBUG] from resource zip => res/drawable/appicon.png
[DEBUG] from resource zip => res/drawable/background.png
[DEBUG] from resource zip => res/drawable/close.png
[DEBUG] from resource zip => res/drawable/facebook_login.png
[DEBUG] from resource zip => res/drawable/facebook_login_down.png
[DEBUG] from resource zip => res/drawable/facebook_login_wide.png
[DEBUG] from resource zip => res/drawable/facebook_login_wide_down.png
[DEBUG] from resource zip => res/drawable/facebook_logout.png
[DEBUG] from resource zip => res/drawable/facebook_logout_down.png
[DEBUG] from resource zip => res/layout/titanium_tabgroup.xml
[DEBUG] from resource zip => AndroidManifest.xml
[DEBUG] from resource zip => resources.arsc
[DEBUG] from resource zip => res/drawable-hdpi/close.png
[DEBUG] from resource zip => res/drawable-ldpi/close.png
[DEBUG] from resource zip => res/drawable-long-land-hdpi/background.png
[DEBUG] from resource zip => res/drawable-long-land-hdpi/default_d44e27d97b.png
[DEBUG] from resource zip => res/drawable-long-land-ldpi/background.png
[DEBUG] from resource zip => res/drawable-long-land-ldpi/default_d44e27d97b.png
[DEBUG] from resource zip => res/drawable-long-port-hdpi/background.png
[DEBUG] from resource zip => res/drawable-long-port-hdpi/default_d44e27d97b.png
[DEBUG] from resource zip => res/drawable-long-port-ldpi/background.png
[DEBUG] from resource zip => res/drawable-long-port-ldpi/default_d44e27d97b.png
[DEBUG] from resource zip => res/drawable-notlong-land-hdpi/background.png
[DEBUG] from resource zip => res/drawable-notlong-land-hdpi/default_d44e27d97b.png
[DEBUG] from resource zip => res/drawable-notlong-land-ldpi/background.png
[DEBUG] from resource zip => res/drawable-notlong-land-ldpi/default_d44e27d97b.png
[DEBUG] from resource zip => res/drawable-notlong-land-mdpi/background.png
[DEBUG] from resource zip => res/drawable-notlong-land-mdpi/default_d44e27d97b.png
[DEBUG] from resource zip => res/drawable-notlong-port-hdpi/background.png
[DEBUG] from resource zip => res/drawable-notlong-port-hdpi/default_d44e27d97b.png
[DEBUG] from resource zip => res/drawable-notlong-port-ldpi/background.png
[DEBUG] from resource zip => res/drawable-notlong-port-ldpi/default_d44e27d97b.png
[DEBUG] from resource zip => res/drawable-notlong-port-mdpi/background.png
[DEBUG] from resource zip => res/drawable-notlong-port-mdpi/default_d44e27d97b.png
[DEBUG] from JAR /Users/tguntharp/Library/Application Support/Titanium/mobilesdk/osx/3.0.0.GA/android/modules/titanium-facebook.jar => ti/modules/titanium/facebook/LICENSE
[DEBUG] from JAR /Users/tguntharp/Library/Application Support/Titanium/mobilesdk/osx/3.0.0.GA/android/thirdparty.jar => org/apache/Commons-NOTICE.txt
[DEBUG] from JAR /Users/tguntharp/Library/Application Support/Titanium/mobilesdk/osx/3.0.0.GA/android/thirdparty.jar => org/apache/HttpComponents-NOTICE.txt
[DEBUG] from JAR /Users/tguntharp/Library/Application Support/Titanium/mobilesdk/osx/3.0.0.GA/android/thirdparty.jar => org/apache/mime4j-NOTICE.txt
[DEBUG] from JAR /Users/tguntharp/Library/Application Support/Titanium/mobilesdk/osx/3.0.0.GA/android/modules/titanium-ui.jar => ti/modules/titanium/ui/widget/webview/binding.js
[DEBUG] from JAR /Users/tguntharp/Library/Application Support/Titanium/mobilesdk/osx/3.0.0.GA/android/modules/titanium-ui.jar => ti/modules/titanium/ui/widget/webview/binding.min.js
[DEBUG] from JAR /Users/tguntharp/Library/Application Support/Titanium/mobilesdk/osx/3.0.0.GA/android/modules/titanium-ui.jar => ti/modules/titanium/ui/widget/webview/json2.js
[DEBUG] from JAR /Users/tguntharp/Library/Application Support/Titanium/mobilesdk/osx/3.0.0.GA/android/modules/titanium-ui.jar => ti/modules/titanium/ui/widget/webview/polling.js
[DEBUG] from JAR /Users/tguntharp/Library/Application Support/Titanium/mobilesdk/osx/3.0.0.GA/android/modules/titanium-ui.jar => ti/modules/titanium/ui/widget/webview/polling.min.js
[DEBUG] from JAR /Users/tguntharp/Library/Application Support/Titanium/mobilesdk/osx/3.0.0.GA/android/titanium.jar => org/appcelerator/titanium/build.properties
[DEBUG] from JAR /Users/tguntharp/Library/Application Support/Titanium/mobilesdk/osx/3.0.0.GA/android/titanium.jar => org/appcelerator/titanium/res/drawable/background.png
[DEBUG] from JAR /Users/tguntharp/Library/Application Support/Titanium/mobilesdk/osx/3.0.0.GA/android/titanium.jar => org/appcelerator/titanium/res/drawable/btn_check_buttonless_on.png
[DEBUG] from JAR /Users/tguntharp/Library/Application Support/Titanium/mobilesdk/osx/3.0.0.GA/android/titanium.jar => org/appcelerator/titanium/res/drawable/btn_check_buttonless_on_18.png
[DEBUG] from JAR /Users/tguntharp/Library/Application Support/Titanium/mobilesdk/osx/3.0.0.GA/android/titanium.jar => org/appcelerator/titanium/res/drawable/btn_check_buttonless_on_48.png
[DEBUG] from JAR /Users/tguntharp/Library/Application Support/Titanium/mobilesdk/osx/3.0.0.GA/android/titanium.jar => org/appcelerator/titanium/res/drawable/btn_check_buttonless_on_64.png
[DEBUG] from JAR /Users/tguntharp/Library/Application Support/Titanium/mobilesdk/osx/3.0.0.GA/android/titanium.jar => org/appcelerator/titanium/res/drawable/btn_more.png
[DEBUG] from JAR /Users/tguntharp/Library/Application Support/Titanium/mobilesdk/osx/3.0.0.GA/android/titanium.jar => org/appcelerator/titanium/res/drawable/btn_more_18.png
[DEBUG] from JAR /Users/tguntharp/Library/Application Support/Titanium/mobilesdk/osx/3.0.0.GA/android/titanium.jar => org/appcelerator/titanium/res/drawable/btn_more_48.png
[DEBUG] from JAR /Users/tguntharp/Library/Application Support/Titanium/mobilesdk/osx/3.0.0.GA/android/titanium.jar => org/appcelerator/titanium/res/drawable/btn_more_64.png
[DEBUG] from JAR /Users/tguntharp/Library/Application Support/Titanium/mobilesdk/osx/3.0.0.GA/android/titanium.jar => org/appcelerator/titanium/res/drawable/btn_picker_normal.9.png
[DEBUG] from JAR /Users/tguntharp/Library/Application Support/Titanium/mobilesdk/osx/3.0.0.GA/android/titanium.jar => org/appcelerator/titanium/res/drawable/btn_picker_pressed.9.png
[DEBUG] from JAR /Users/tguntharp/Library/Application Support/Titanium/mobilesdk/osx/3.0.0.GA/android/titanium.jar => org/appcelerator/titanium/res/drawable/btn_picker_selected.9.png
[DEBUG] from JAR /Users/tguntharp/Library/Application Support/Titanium/mobilesdk/osx/3.0.0.GA/android/titanium.jar => org/appcelerator/titanium/res/drawable/default_icon.png
[DEBUG] from JAR /Users/tguntharp/Library/Application Support/Titanium/mobilesdk/osx/3.0.0.GA/android/titanium.jar => org/appcelerator/titanium/res/drawable/photoDefault.png
[DEBUG] installing native SDK libs
[DEBUG] Waiting for device to be ready ...
[TRACE] adb devices returned 1 devices/emulators
[DEBUG] Device connected... (waited 0 seconds)
[DEBUG] waited 0.017018 seconds on emulator to get ready
[INFO] Installing application on emulator
[INFO] Launching application ... Legendary
[TRACE] Launch output: Starting: Intent { act=android.intent.action.MAIN cat=[android.intent.category.LAUNCHER] flg=0x10200000 cmp=org.fusion94.Legendary/.LegendaryActivity }

[INFO] Deployed Legendary ... Application should be running.
[DEBUG] signal caught: 15
